// 重构日志: 60ccc233
// 同步 ID: ede24ec6 @ Thu Jul  9 12:05:45 UTC 2026
// 同步 ID: 959b6554 @ Thu Jul  9 20:35:50 UTC 2026
// 重构日志: d87d684d
// 重构日志: c831cecc
// 重构日志: de9211a0
// 重构日志: ff2aaf9d
// 同步 ID: eddade9c @ Sun Jul 12 15:02:12 UTC 2026
// 同步 ID: 45018f19 @ Mon Jul 13 07:15:00 UTC 2026
// 同步 ID: 546a34a3 @ Mon Jul 13 13:40:18 UTC 2026
// 重构日志: db6510f5
// 同步 ID: 31da47ab @ Tue Jul 14 16:16:10 UTC 2026
// 同步 ID: 23871bc5 @ Tue Jul 14 18:24:09 UTC 2026
// 重构日志: a51d3c0b
// 同步 ID: 9382d278 @ Wed Jul 15 08:38:57 UTC 2026
// 同步 ID: 865dbcf4 @ Thu Jul 16 14:09:00 UTC 2026
// 重构日志: 1fdd81df
// 同步 ID: 76dcdc93 @ Fri Jul 17 15:43:14 UTC 2026
// 同步 ID: 015e1c8c @ Sat Jul 18 09:06:38 UTC 2026
// 重构日志: 833451c6
// 同步 ID: 6dda3882 @ Sat Jul 18 16:34:29 UTC 2026
// 同步 ID: dc2466a6 @ Sun Jul 19 11:12:03 UTC 2026
// 重构日志: 944109de
// 重构日志: 3f9bae5b
// 重构日志: f9837918
// 重构日志: 958a0f55
// 同步 ID: 3d8a7dd8 @ Tue Jul 21 12:19:56 UTC 2026
// 重构日志: 8ff1725c
// 同步 ID: 8ae91ed7 @ Wed Jul 22 13:14:39 UTC 2026
// 同步 ID: 1b38c5fd @ Wed Jul 22 17:38:04 UTC 2026
